Loading pretrained weights from url (https://github.com/rwightman/pytorch-image-models/releases/download/v0.1-weights/efficientnet_b3_ra2-cf984f9c.pth)
Model(
  (pretrained_model): EfficientNet(
    (conv_stem): Conv2d(3, 40, kernel_size=(3, 3), stride=(2, 2), padding=(1, 1), bias=False)
    (bn1): BatchNorm2d(40, eps=1e-05, momentum=0.1, affine=True, track_running_stats=True)
    (act1): SiLU(inplace=True)
    (blocks): Sequential(
      (0): Sequential(
        (0): DepthwiseSeparableConv(
          (conv_dw): Conv2d(40, 40, kernel_size=(3, 3), stride=(1, 1), padding=(1, 1), groups=40, bias=False)
          (bn1): BatchNorm2d(40, eps=1e-05, momentum=0.1, affine=True, track_running_stats=True)
          (act1): SiLU(inplace=True)
          (se): SqueezeExcite(
            (conv_reduce): Conv2d(40, 10, kernel_size=(1, 1), stride=(1, 1))
            (act1): SiLU(inplace=True)
            (conv_expand): Conv2d(10, 40, kernel_size=(1, 1), stride=(1, 1))
            (gate): Sigmoid()
          )
          (conv_pw): Conv2d(40, 24, kernel_size=(1, 1), stride=(1, 1), bias=False)
          (bn2): BatchNorm2d(24, eps=1e-05, momentum=0.1, affine=True, track_running_stats=True)
          (act2): Identity()
        )
        (1): DepthwiseSeparableConv(
          (conv_dw): Conv2d(24, 24, kernel_size=(3, 3), stride=(1, 1), padding=(1, 1), groups=24, bias=False)
          (bn1): BatchNorm2d(24, eps=1e-05, momentum=0.1, affine=True, track_running_stats=True)
          (act1): SiLU(inplace=True)
          (se): SqueezeExcite(
            (conv_reduce): Conv2d(24, 6, kernel_size=(1, 1), stride=(1, 1))
            (act1): SiLU(inplace=True)
            (conv_expand): Conv2d(6, 24, kernel_size=(1, 1), stride=(1, 1))
            (gate): Sigmoid()
          )
          (conv_pw): Conv2d(24, 24, kernel_size=(1, 1), stride=(1, 1), bias=False)
          (bn2): BatchNorm2d(24, eps=1e-05, momentum=0.1, affine=True, track_running_stats=True)
          (act2): Identity()
        )
      )
      (1): Sequential(
        (0): InvertedResidual(
          (conv_pw): Conv2d(24, 144, kernel_size=(1, 1), stride=(1, 1), bias=False)
          (bn1): BatchNorm2d(144, eps=1e-05, momentum=0.1, affine=True, track_running_stats=True)
          (act1): SiLU(inplace=True)
          (conv_dw): Conv2d(144, 144, kernel_size=(3, 3), stride=(2, 2), padding=(1, 1), groups=144, bias=False)
          (bn2): BatchNorm2d(144, eps=1e-05, momentum=0.1, affine=True, track_running_stats=True)
          (act2): SiLU(inplace=True)
          (se): SqueezeExcite(
            (conv_reduce): Conv2d(144, 6, kernel_size=(1, 1), stride=(1, 1))
            (act1): SiLU(inplace=True)
            (conv_expand): Conv2d(6, 144, kernel_size=(1, 1), stride=(1, 1))
            (gate): Sigmoid()
          )
          (conv_pwl): Conv2d(144, 32, kernel_size=(1, 1), stride=(1, 1), bias=False)
          (bn3): BatchNorm2d(32, eps=1e-05, momentum=0.1, affine=True, track_running_stats=True)
        )
        (1): InvertedResidual(
          (conv_pw): Conv2d(32, 192, kernel_size=(1, 1), stride=(1, 1), bias=False)
          (bn1): BatchNorm2d(192, eps=1e-05, momentum=0.1, affine=True, track_running_stats=True)
          (act1): SiLU(inplace=True)
          (conv_dw): Conv2d(192, 192, kernel_size=(3, 3), stride=(1, 1), padding=(1, 1), groups=192, bias=False)
          (bn2): BatchNorm2d(192, eps=1e-05, momentum=0.1, affine=True, track_running_stats=True)
          (act2): SiLU(inplace=True)
          (se): SqueezeExcite(
            (conv_reduce): Conv2d(192, 8, kernel_size=(1, 1), stride=(1, 1))
            (act1): SiLU(inplace=True)
            (conv_expand): Conv2d(8, 192, kernel_size=(1, 1), stride=(1, 1))
            (gate): Sigmoid()
          )
          (conv_pwl): Conv2d(192, 32, kernel_size=(1, 1), stride=(1, 1), bias=False)
          (bn3): BatchNorm2d(32, eps=1e-05, momentum=0.1, affine=True, track_running_stats=True)
        )
        (2): InvertedResidual(
          (conv_pw): Conv2d(32, 192, kernel_size=(1, 1), stride=(1, 1), bias=False)
          (bn1): BatchNorm2d(192, eps=1e-05, momentum=0.1, affine=True, track_running_stats=True)
          (act1): SiLU(inplace=True)
          (conv_dw): Conv2d(192, 192, kernel_size=(3, 3), stride=(1, 1), padding=(1, 1), groups=192, bias=False)
          (bn2): BatchNorm2d(192, eps=1e-05, momentum=0.1, affine=True, track_running_stats=True)
          (act2): SiLU(inplace=True)
          (se): SqueezeExcite(
            (conv_reduce): Conv2d(192, 8, kernel_size=(1, 1), stride=(1, 1))
            (act1): SiLU(inplace=True)
            (conv_expand): Conv2d(8, 192, kernel_size=(1, 1), stride=(1, 1))
            (gate): Sigmoid()
          )
          (conv_pwl): Conv2d(192, 32, kernel_size=(1, 1), stride=(1, 1), bias=False)
          (bn3): BatchNorm2d(32, eps=1e-05, momentum=0.1, affine=True, track_running_stats=True)
        )
      )
      (2): Sequential(
        (0): InvertedResidual(
          (conv_pw): Conv2d(32, 192, kernel_size=(1, 1), stride=(1, 1), bias=False)
          (bn1): BatchNorm2d(192, eps=1e-05, momentum=0.1, affine=True, track_running_stats=True)
          (act1): SiLU(inplace=True)
          (conv_dw): Conv2d(192, 192, kernel_size=(5, 5), stride=(2, 2), padding=(2, 2), groups=192, bias=False)
          (bn2): BatchNorm2d(192, eps=1e-05, momentum=0.1, affine=True, track_running_stats=True)
          (act2): SiLU(inplace=True)
          (se): SqueezeExcite(
            (conv_reduce): Conv2d(192, 8, kernel_size=(1, 1), stride=(1, 1))
            (act1): SiLU(inplace=True)
            (conv_expand): Conv2d(8, 192, kernel_size=(1, 1), stride=(1, 1))
            (gate): Sigmoid()
          )
          (conv_pwl): Conv2d(192, 48, kernel_size=(1, 1), stride=(1, 1), bias=False)
          (bn3): BatchNorm2d(48, eps=1e-05, momentum=0.1, affine=True, track_running_stats=True)
        )
        (1): InvertedResidual(
          (conv_pw): Conv2d(48, 288, kernel_size=(1, 1), stride=(1, 1), bias=False)
          (bn1): BatchNorm2d(288, eps=1e-05, momentum=0.1, affine=True, track_running_stats=True)
          (act1): SiLU(inplace=True)
          (conv_dw): Conv2d(288, 288, kernel_size=(5, 5), stride=(1, 1), padding=(2, 2), groups=288, bias=False)
          (bn2): BatchNorm2d(288, eps=1e-05, momentum=0.1, affine=True, track_running_stats=True)
          (act2): SiLU(inplace=True)
          (se): SqueezeExcite(
            (conv_reduce): Conv2d(288, 12, kernel_size=(1, 1), stride=(1, 1))
            (act1): SiLU(inplace=True)
            (conv_expand): Conv2d(12, 288, kernel_size=(1, 1), stride=(1, 1))
            (gate): Sigmoid()
          )
          (conv_pwl): Conv2d(288, 48, kernel_size=(1, 1), stride=(1, 1), bias=False)
          (bn3): BatchNorm2d(48, eps=1e-05, momentum=0.1, affine=True, track_running_stats=True)
        )
        (2): InvertedResidual(
          (conv_pw): Conv2d(48, 288, kernel_size=(1, 1), stride=(1, 1), bias=False)
          (bn1): BatchNorm2d(288, eps=1e-05, momentum=0.1, affine=True, track_running_stats=True)
          (act1): SiLU(inplace=True)
          (conv_dw): Conv2d(288, 288, kernel_size=(5, 5), stride=(1, 1), padding=(2, 2), groups=288, bias=False)
          (bn2): BatchNorm2d(288, eps=1e-05, momentum=0.1, affine=True, track_running_stats=True)
          (act2): SiLU(inplace=True)
          (se): SqueezeExcite(
            (conv_reduce): Conv2d(288, 12, kernel_size=(1, 1), stride=(1, 1))
            (act1): SiLU(inplace=True)
            (conv_expand): Conv2d(12, 288, kernel_size=(1, 1), stride=(1, 1))
            (gate): Sigmoid()
          )
          (conv_pwl): Conv2d(288, 48, kernel_size=(1, 1), stride=(1, 1), bias=False)
          (bn3): BatchNorm2d(48, eps=1e-05, momentum=0.1, affine=True, track_running_stats=True)
        )
      )
      (3): Sequential(
        (0): InvertedResidual(
          (conv_pw): Conv2d(48, 288, kernel_size=(1, 1), stride=(1, 1), bias=False)
          (bn1): BatchNorm2d(288, eps=1e-05, momentum=0.1, affine=True, track_running_stats=True)
          (act1): SiLU(inplace=True)
          (conv_dw): Conv2d(288, 288, kernel_size=(3, 3), stride=(2, 2), padding=(1, 1), groups=288, bias=False)
          (bn2): BatchNorm2d(288, eps=1e-05, momentum=0.1, affine=True, track_running_stats=True)
          (act2): SiLU(inplace=True)
          (se): SqueezeExcite(
            (conv_reduce): Conv2d(288, 12, kernel_size=(1, 1), stride=(1, 1))
            (act1): SiLU(inplace=True)
            (conv_expand): Conv2d(12, 288, kernel_size=(1, 1), stride=(1, 1))
            (gate): Sigmoid()
          )
          (conv_pwl): Conv2d(288, 96, kernel_size=(1, 1), stride=(1, 1), bias=False)
          (bn3): BatchNorm2d(96, eps=1e-05, momentum=0.1, affine=True, track_running_stats=True)
        )
        (1): InvertedResidual(
          (conv_pw): Conv2d(96, 576, kernel_size=(1, 1), stride=(1, 1), bias=False)
          (bn1): BatchNorm2d(576, eps=1e-05, momentum=0.1, affine=True, track_running_stats=True)
          (act1): SiLU(inplace=True)
          (conv_dw): Conv2d(576, 576, kernel_size=(3, 3), stride=(1, 1), padding=(1, 1), groups=576, bias=False)
          (bn2): BatchNorm2d(576, eps=1e-05, momentum=0.1, affine=True, track_running_stats=True)
          (act2): SiLU(inplace=True)
          (se): SqueezeExcite(
            (conv_reduce): Conv2d(576, 24, kernel_size=(1, 1), stride=(1, 1))
            (act1): SiLU(inplace=True)
            (conv_expand): Conv2d(24, 576, kernel_size=(1, 1), stride=(1, 1))
            (gate): Sigmoid()
          )
          (conv_pwl): Conv2d(576, 96, kernel_size=(1, 1), stride=(1, 1), bias=False)
          (bn3): BatchNorm2d(96, eps=1e-05, momentum=0.1, affine=True, track_running_stats=True)
        )
        (2): InvertedResidual(
          (conv_pw): Conv2d(96, 576, kernel_size=(1, 1), stride=(1, 1), bias=False)
          (bn1): BatchNorm2d(576, eps=1e-05, momentum=0.1, affine=True, track_running_stats=True)
          (act1): SiLU(inplace=True)
          (conv_dw): Conv2d(576, 576, kernel_size=(3, 3), stride=(1, 1), padding=(1, 1), groups=576, bias=False)
          (bn2): BatchNorm2d(576, eps=1e-05, momentum=0.1, affine=True, track_running_stats=True)
          (act2): SiLU(inplace=True)
          (se): SqueezeExcite(
            (conv_reduce): Conv2d(576, 24, kernel_size=(1, 1), stride=(1, 1))
            (act1): SiLU(inplace=True)
            (conv_expand): Conv2d(24, 576, kernel_size=(1, 1), stride=(1, 1))
            (gate): Sigmoid()
          )
          (conv_pwl): Conv2d(576, 96, kernel_size=(1, 1), stride=(1, 1), bias=False)
          (bn3): BatchNorm2d(96, eps=1e-05, momentum=0.1, affine=True, track_running_stats=True)
        )
        (3): InvertedResidual(
          (conv_pw): Conv2d(96, 576, kernel_size=(1, 1), stride=(1, 1), bias=False)
          (bn1): BatchNorm2d(576, eps=1e-05, momentum=0.1, affine=True, track_running_stats=True)
          (act1): SiLU(inplace=True)
          (conv_dw): Conv2d(576, 576, kernel_size=(3, 3), stride=(1, 1), padding=(1, 1), groups=576, bias=False)
          (bn2): BatchNorm2d(576, eps=1e-05, momentum=0.1, affine=True, track_running_stats=True)
          (act2): SiLU(inplace=True)
          (se): SqueezeExcite(
            (conv_reduce): Conv2d(576, 24, kernel_size=(1, 1), stride=(1, 1))
            (act1): SiLU(inplace=True)
            (conv_expand): Conv2d(24, 576, kernel_size=(1, 1), stride=(1, 1))
            (gate): Sigmoid()
          )
          (conv_pwl): Conv2d(576, 96, kernel_size=(1, 1), stride=(1, 1), bias=False)
          (bn3): BatchNorm2d(96, eps=1e-05, momentum=0.1, affine=True, track_running_stats=True)
        )
        (4): InvertedResidual(
          (conv_pw): Conv2d(96, 576, kernel_size=(1, 1), stride=(1, 1), bias=False)
          (bn1): BatchNorm2d(576, eps=1e-05, momentum=0.1, affine=True, track_running_stats=True)
          (act1): SiLU(inplace=True)
          (conv_dw): Conv2d(576, 576, kernel_size=(3, 3), stride=(1, 1), padding=(1, 1), groups=576, bias=False)
          (bn2): BatchNorm2d(576, eps=1e-05, momentum=0.1, affine=True, track_running_stats=True)
          (act2): SiLU(inplace=True)
          (se): SqueezeExcite(
            (conv_reduce): Conv2d(576, 24, kernel_size=(1, 1), stride=(1, 1))
            (act1): SiLU(inplace=True)
            (conv_expand): Conv2d(24, 576, kernel_size=(1, 1), stride=(1, 1))
            (gate): Sigmoid()
          )
          (conv_pwl): Conv2d(576, 96, kernel_size=(1, 1), stride=(1, 1), bias=False)
          (bn3): BatchNorm2d(96, eps=1e-05, momentum=0.1, affine=True, track_running_stats=True)
        )
      )
      (4): Sequential(
        (0): InvertedResidual(
          (conv_pw): Conv2d(96, 576, kernel_size=(1, 1), stride=(1, 1), bias=False)
          (bn1): BatchNorm2d(576, eps=1e-05, momentum=0.1, affine=True, track_running_stats=True)
          (act1): SiLU(inplace=True)
          (conv_dw): Conv2d(576, 576, kernel_size=(5, 5), stride=(1, 1), padding=(2, 2), groups=576, bias=False)
          (bn2): BatchNorm2d(576, eps=1e-05, momentum=0.1, affine=True, track_running_stats=True)
          (act2): SiLU(inplace=True)
          (se): SqueezeExcite(
            (conv_reduce): Conv2d(576, 24, kernel_size=(1, 1), stride=(1, 1))
            (act1): SiLU(inplace=True)
            (conv_expand): Conv2d(24, 576, kernel_size=(1, 1), stride=(1, 1))
            (gate): Sigmoid()
          )
          (conv_pwl): Conv2d(576, 136, kernel_size=(1, 1), stride=(1, 1), bias=False)
          (bn3): BatchNorm2d(136, eps=1e-05, momentum=0.1, affine=True, track_running_stats=True)
        )
        (1): InvertedResidual(
          (conv_pw): Conv2d(136, 816, kernel_size=(1, 1), stride=(1, 1), bias=False)
          (bn1): BatchNorm2d(816, eps=1e-05, momentum=0.1, affine=True, track_running_stats=True)
          (act1): SiLU(inplace=True)
          (conv_dw): Conv2d(816, 816, kernel_size=(5, 5), stride=(1, 1), padding=(2, 2), groups=816, bias=False)
          (bn2): BatchNorm2d(816, eps=1e-05, momentum=0.1, affine=True, track_running_stats=True)
          (act2): SiLU(inplace=True)
          (se): SqueezeExcite(
            (conv_reduce): Conv2d(816, 34, kernel_size=(1, 1), stride=(1, 1))
            (act1): SiLU(inplace=True)
            (conv_expand): Conv2d(34, 816, kernel_size=(1, 1), stride=(1, 1))
            (gate): Sigmoid()
          )
          (conv_pwl): Conv2d(816, 136, kernel_size=(1, 1), stride=(1, 1), bias=False)
          (bn3): BatchNorm2d(136, eps=1e-05, momentum=0.1, affine=True, track_running_stats=True)
        )
        (2): InvertedResidual(
          (conv_pw): Conv2d(136, 816, kernel_size=(1, 1), stride=(1, 1), bias=False)
          (bn1): BatchNorm2d(816, eps=1e-05, momentum=0.1, affine=True, track_running_stats=True)
          (act1): SiLU(inplace=True)
          (conv_dw): Conv2d(816, 816, kernel_size=(5, 5), stride=(1, 1), padding=(2, 2), groups=816, bias=False)
          (bn2): BatchNorm2d(816, eps=1e-05, momentum=0.1, affine=True, track_running_stats=True)
          (act2): SiLU(inplace=True)
          (se): SqueezeExcite(
            (conv_reduce): Conv2d(816, 34, kernel_size=(1, 1), stride=(1, 1))
            (act1): SiLU(inplace=True)
            (conv_expand): Conv2d(34, 816, kernel_size=(1, 1), stride=(1, 1))
            (gate): Sigmoid()
          )
          (conv_pwl): Conv2d(816, 136, kernel_size=(1, 1), stride=(1, 1), bias=False)
          (bn3): BatchNorm2d(136, eps=1e-05, momentum=0.1, affine=True, track_running_stats=True)
        )
        (3): InvertedResidual(
          (conv_pw): Conv2d(136, 816, kernel_size=(1, 1), stride=(1, 1), bias=False)
          (bn1): BatchNorm2d(816, eps=1e-05, momentum=0.1, affine=True, track_running_stats=True)
          (act1): SiLU(inplace=True)
          (conv_dw): Conv2d(816, 816, kernel_size=(5, 5), stride=(1, 1), padding=(2, 2), groups=816, bias=False)
          (bn2): BatchNorm2d(816, eps=1e-05, momentum=0.1, affine=True, track_running_stats=True)
          (act2): SiLU(inplace=True)
          (se): SqueezeExcite(
            (conv_reduce): Conv2d(816, 34, kernel_size=(1, 1), stride=(1, 1))
            (act1): SiLU(inplace=True)
            (conv_expand): Conv2d(34, 816, kernel_size=(1, 1), stride=(1, 1))
            (gate): Sigmoid()
          )
          (conv_pwl): Conv2d(816, 136, kernel_size=(1, 1), stride=(1, 1), bias=False)
          (bn3): BatchNorm2d(136, eps=1e-05, momentum=0.1, affine=True, track_running_stats=True)
        )
        (4): InvertedResidual(
          (conv_pw): Conv2d(136, 816, kernel_size=(1, 1), stride=(1, 1), bias=False)
          (bn1): BatchNorm2d(816, eps=1e-05, momentum=0.1, affine=True, track_running_stats=True)
          (act1): SiLU(inplace=True)
          (conv_dw): Conv2d(816, 816, kernel_size=(5, 5), stride=(1, 1), padding=(2, 2), groups=816, bias=False)
          (bn2): BatchNorm2d(816, eps=1e-05, momentum=0.1, affine=True, track_running_stats=True)
          (act2): SiLU(inplace=True)
          (se): SqueezeExcite(
            (conv_reduce): Conv2d(816, 34, kernel_size=(1, 1), stride=(1, 1))
            (act1): SiLU(inplace=True)
            (conv_expand): Conv2d(34, 816, kernel_size=(1, 1), stride=(1, 1))
            (gate): Sigmoid()
          )
          (conv_pwl): Conv2d(816, 136, kernel_size=(1, 1), stride=(1, 1), bias=False)
          (bn3): BatchNorm2d(136, eps=1e-05, momentum=0.1, affine=True, track_running_stats=True)
        )
      )
      (5): Sequential(
        (0): InvertedResidual(
          (conv_pw): Conv2d(136, 816, kernel_size=(1, 1), stride=(1, 1), bias=False)
          (bn1): BatchNorm2d(816, eps=1e-05, momentum=0.1, affine=True, track_running_stats=True)
          (act1): SiLU(inplace=True)
          (conv_dw): Conv2d(816, 816, kernel_size=(5, 5), stride=(2, 2), padding=(2, 2), groups=816, bias=False)
          (bn2): BatchNorm2d(816, eps=1e-05, momentum=0.1, affine=True, track_running_stats=True)
          (act2): SiLU(inplace=True)
          (se): SqueezeExcite(
            (conv_reduce): Conv2d(816, 34, kernel_size=(1, 1), stride=(1, 1))
            (act1): SiLU(inplace=True)
            (conv_expand): Conv2d(34, 816, kernel_size=(1, 1), stride=(1, 1))
            (gate): Sigmoid()
          )
          (conv_pwl): Conv2d(816, 232, kernel_size=(1, 1), stride=(1, 1), bias=False)
          (bn3): BatchNorm2d(232, eps=1e-05, momentum=0.1, affine=True, track_running_stats=True)
        )
        (1): InvertedResidual(
          (conv_pw): Conv2d(232, 1392, kernel_size=(1, 1), stride=(1, 1), bias=False)
          (bn1): BatchNorm2d(1392, eps=1e-05, momentum=0.1, affine=True, track_running_stats=True)
          (act1): SiLU(inplace=True)
          (conv_dw): Conv2d(1392, 1392, kernel_size=(5, 5), stride=(1, 1), padding=(2, 2), groups=1392, bias=False)
          (bn2): BatchNorm2d(1392, eps=1e-05, momentum=0.1, affine=True, track_running_stats=True)
          (act2): SiLU(inplace=True)
          (se): SqueezeExcite(
            (conv_reduce): Conv2d(1392, 58, kernel_size=(1, 1), stride=(1, 1))
            (act1): SiLU(inplace=True)
            (conv_expand): Conv2d(58, 1392, kernel_size=(1, 1), stride=(1, 1))
            (gate): Sigmoid()
          )
          (conv_pwl): Conv2d(1392, 232, kernel_size=(1, 1), stride=(1, 1), bias=False)
          (bn3): BatchNorm2d(232, eps=1e-05, momentum=0.1, affine=True, track_running_stats=True)
        )
        (2): InvertedResidual(
          (conv_pw): Conv2d(232, 1392, kernel_size=(1, 1), stride=(1, 1), bias=False)
          (bn1): BatchNorm2d(1392, eps=1e-05, momentum=0.1, affine=True, track_running_stats=True)
          (act1): SiLU(inplace=True)
          (conv_dw): Conv2d(1392, 1392, kernel_size=(5, 5), stride=(1, 1), padding=(2, 2), groups=1392, bias=False)
          (bn2): BatchNorm2d(1392, eps=1e-05, momentum=0.1, affine=True, track_running_stats=True)
          (act2): SiLU(inplace=True)
          (se): SqueezeExcite(
            (conv_reduce): Conv2d(1392, 58, kernel_size=(1, 1), stride=(1, 1))
            (act1): SiLU(inplace=True)
            (conv_expand): Conv2d(58, 1392, kernel_size=(1, 1), stride=(1, 1))
            (gate): Sigmoid()
          )
          (conv_pwl): Conv2d(1392, 232, kernel_size=(1, 1), stride=(1, 1), bias=False)
          (bn3): BatchNorm2d(232, eps=1e-05, momentum=0.1, affine=True, track_running_stats=True)
        )
        (3): InvertedResidual(
          (conv_pw): Conv2d(232, 1392, kernel_size=(1, 1), stride=(1, 1), bias=False)
          (bn1): BatchNorm2d(1392, eps=1e-05, momentum=0.1, affine=True, track_running_stats=True)
          (act1): SiLU(inplace=True)
          (conv_dw): Conv2d(1392, 1392, kernel_size=(5, 5), stride=(1, 1), padding=(2, 2), groups=1392, bias=False)
          (bn2): BatchNorm2d(1392, eps=1e-05, momentum=0.1, affine=True, track_running_stats=True)
          (act2): SiLU(inplace=True)
          (se): SqueezeExcite(
            (conv_reduce): Conv2d(1392, 58, kernel_size=(1, 1), stride=(1, 1))
            (act1): SiLU(inplace=True)
            (conv_expand): Conv2d(58, 1392, kernel_size=(1, 1), stride=(1, 1))
            (gate): Sigmoid()
          )
          (conv_pwl): Conv2d(1392, 232, kernel_size=(1, 1), stride=(1, 1), bias=False)
          (bn3): BatchNorm2d(232, eps=1e-05, momentum=0.1, affine=True, track_running_stats=True)
        )
        (4): InvertedResidual(
          (conv_pw): Conv2d(232, 1392, kernel_size=(1, 1), stride=(1, 1), bias=False)
          (bn1): BatchNorm2d(1392, eps=1e-05, momentum=0.1, affine=True, track_running_stats=True)
          (act1): SiLU(inplace=True)
          (conv_dw): Conv2d(1392, 1392, kernel_size=(5, 5), stride=(1, 1), padding=(2, 2), groups=1392, bias=False)
          (bn2): BatchNorm2d(1392, eps=1e-05, momentum=0.1, affine=True, track_running_stats=True)
          (act2): SiLU(inplace=True)
          (se): SqueezeExcite(
            (conv_reduce): Conv2d(1392, 58, kernel_size=(1, 1), stride=(1, 1))
            (act1): SiLU(inplace=True)
            (conv_expand): Conv2d(58, 1392, kernel_size=(1, 1), stride=(1, 1))
            (gate): Sigmoid()
          )
          (conv_pwl): Conv2d(1392, 232, kernel_size=(1, 1), stride=(1, 1), bias=False)
          (bn3): BatchNorm2d(232, eps=1e-05, momentum=0.1, affine=True, track_running_stats=True)
        )
        (5): InvertedResidual(
          (conv_pw): Conv2d(232, 1392, kernel_size=(1, 1), stride=(1, 1), bias=False)
          (bn1): BatchNorm2d(1392, eps=1e-05, momentum=0.1, affine=True, track_running_stats=True)
          (act1): SiLU(inplace=True)
          (conv_dw): Conv2d(1392, 1392, kernel_size=(5, 5), stride=(1, 1), padding=(2, 2), groups=1392, bias=False)
          (bn2): BatchNorm2d(1392, eps=1e-05, momentum=0.1, affine=True, track_running_stats=True)
          (act2): SiLU(inplace=True)
          (se): SqueezeExcite(
            (conv_reduce): Conv2d(1392, 58, kernel_size=(1, 1), stride=(1, 1))
            (act1): SiLU(inplace=True)
            (conv_expand): Conv2d(58, 1392, kernel_size=(1, 1), stride=(1, 1))
            (gate): Sigmoid()
          )
          (conv_pwl): Conv2d(1392, 232, kernel_size=(1, 1), stride=(1, 1), bias=False)
          (bn3): BatchNorm2d(232, eps=1e-05, momentum=0.1, affine=True, track_running_stats=True)
        )
      )
      (6): Sequential(
        (0): InvertedResidual(
          (conv_pw): Conv2d(232, 1392, kernel_size=(1, 1), stride=(1, 1), bias=False)
          (bn1): BatchNorm2d(1392, eps=1e-05, momentum=0.1, affine=True, track_running_stats=True)
          (act1): SiLU(inplace=True)
          (conv_dw): Conv2d(1392, 1392, kernel_size=(3, 3), stride=(1, 1), padding=(1, 1), groups=1392, bias=False)
          (bn2): BatchNorm2d(1392, eps=1e-05, momentum=0.1, affine=True, track_running_stats=True)
          (act2): SiLU(inplace=True)
          (se): SqueezeExcite(
            (conv_reduce): Conv2d(1392, 58, kernel_size=(1, 1), stride=(1, 1))
            (act1): SiLU(inplace=True)
            (conv_expand): Conv2d(58, 1392, kernel_size=(1, 1), stride=(1, 1))
            (gate): Sigmoid()
          )
          (conv_pwl): Conv2d(1392, 384, kernel_size=(1, 1), stride=(1, 1), bias=False)
          (bn3): BatchNorm2d(384, eps=1e-05, momentum=0.1, affine=True, track_running_stats=True)
        )
        (1): InvertedResidual(
          (conv_pw): Conv2d(384, 2304, kernel_size=(1, 1), stride=(1, 1), bias=False)
          (bn1): BatchNorm2d(2304, eps=1e-05, momentum=0.1, affine=True, track_running_stats=True)
          (act1): SiLU(inplace=True)
          (conv_dw): Conv2d(2304, 2304, kernel_size=(3, 3), stride=(1, 1), padding=(1, 1), groups=2304, bias=False)
          (bn2): BatchNorm2d(2304, eps=1e-05, momentum=0.1, affine=True, track_running_stats=True)
          (act2): SiLU(inplace=True)
          (se): SqueezeExcite(
            (conv_reduce): Conv2d(2304, 96, kernel_size=(1, 1), stride=(1, 1))
            (act1): SiLU(inplace=True)
            (conv_expand): Conv2d(96, 2304, kernel_size=(1, 1), stride=(1, 1))
            (gate): Sigmoid()
          )
          (conv_pwl): Conv2d(2304, 384, kernel_size=(1, 1), stride=(1, 1), bias=False)
          (bn3): BatchNorm2d(384, eps=1e-05, momentum=0.1, affine=True, track_running_stats=True)
        )
      )
    )
    (conv_head): Conv2d(384, 1536, kernel_size=(1, 1), stride=(1, 1), bias=False)
    (bn2): BatchNorm2d(1536, eps=1e-05, momentum=0.1, affine=True, track_running_stats=True)
    (act2): SiLU(inplace=True)
    (global_pool): SelectAdaptivePool2d (pool_type=avg, flatten=Flatten(start_dim=1, end_dim=-1))
    (classifier): Linear(in_features=1536, out_features=1000, bias=True)
  )
  (fc): Linear(in_features=1000, out_features=2, bias=True)
)
Trainable parameters: 12235234
cuda:0 1
Train Epoch: 1 [0/15120 (0%)] Loss: 0.690824
Train Epoch: 1 [512/15120 (3%)] Loss: 0.303414
Train Epoch: 1 [1024/15120 (7%)] Loss: 0.151110
Train Epoch: 1 [1536/15120 (10%)] Loss: 0.147002
Train Epoch: 1 [2048/15120 (14%)] Loss: 0.288084
